#
# There is insufficient memory for the Java Runtime Environment to continue.
# Native memory allocation (malloc) failed to allocate 32744 bytes for ChunkPool::allocate
# Possible reasons:
#   The system is out of physical RAM or swap space
#   The process is running with CompressedOops enabled, and the Java Heap may be blocking the growth of the native heap
# Possible solutions:
#   Reduce memory load on the system
#   Increase physical memory or swap space
#   Check if swap backing store is full
#   Decrease Java heap size (-Xmx/-Xms)
#   Decrease number of Java threads
#   Decrease Java thread stack sizes (-Xss)
#   Set larger code cache with -XX:ReservedCodeCacheSize=
#   JVM is running with Unscaled Compressed Oops mode in which the Java heap is
#     placed in the first 4GB address space. The Java Heap base address is the
#     maximum limit for the native heap growth. Please use -XX:HeapBaseMinAddress
#     to set the Java Heap base and to place the Java Heap above 4GB virtual address.
# This output file may be truncated or incomplete.
#
#  Out of Memory Error (t:/workspace/open/src/hotspot/share/memory/arena.cpp:81), pid=101508, tid=110664
#
# JRE version: Java(TM) SE Runtime Environment (11.0.3+12) (build 11.0.3+12-LTS)
# Java VM: Java HotSpot(TM) 64-Bit Server VM (11.0.3+12-LTS, mixed mode, tiered, compressed oops, g1 gc, windows-amd64)
# No core dump will be written. Minidumps are not enabled by default on client versions of Windows
#

---------------  S U M M A R Y ------------

Command Line: C:\Users\Vnameit\AppData\Local\Temp\surefire14533074333389664203\surefirebooter10283756940668913524.jar C:\Users\Vnameit\AppData\Local\Temp\surefire14533074333389664203 2022-10-03T12-44-17_775-jvmRun1 surefire8523951170496392106tmp surefire_014520422567389203041tmp

Host: Intel(R) Core(TM) i5-8250U CPU @ 1.60GHz, 8 cores, 7G,  Windows 10 , 64 bit Build 19041 (10.0.19041.1348)
Time: Mon Oct  3 12:44:22 2022 India Standard Time elapsed time: 0 seconds (0d 0h 0m 0s)

---------------  T H R E A D  ---------------

Current thread (0x00000190073fd000):  JavaThread "C1 CompilerThread0" daemon [_thread_in_native, id=110664, stack(0x00000067fcc00000,0x00000067fcd00000)]


Current CompileTask:
C1:    571  539       3       jdk.internal.org.objectweb.asm.Frame::execute (2264 bytes)

Stack: [0x00000067fcc00000,0x00000067fcd00000]
Native frames: (J=compiled Java code, j=interpreted, Vv=VM code, C=native code)
V  [jvm.dll+0x63582a]
V  [jvm.dll+0x77360f]
V  [jvm.dll+0x774cba]
V  [jvm.dll+0x775373]
V  [jvm.dll+0x25e9c8]
V  [jvm.dll+0xc23fb]
V  [jvm.dll+0xc275c]
V  [jvm.dll+0x146f03]
V  [jvm.dll+0x145c77]
V  [jvm.dll+0x12c3ea]
V  [jvm.dll+0x12c692]
V  [jvm.dll+0x12c9bf]
V  [jvm.dll+0x12bb37]
V  [jvm.dll+0x12dbd7]
V  [jvm.dll+0x2269df]
V  [jvm.dll+0x224fe8]
V  [jvm.dll+0x738aed]
V  [jvm.dll+0x6348c2]
C  [ucrtbase.dll+0x21bb2]
C  [c_jascoy.dll+0x17034]
C  [Protector64.dll+0x38803]
C  [ntdll.dll+0x52651]


---------------  P R O C E S S  ---------------

Threads class SMR info:
_java_thread_list=0x00000190078de890, length=13, elements={
0x0000019067faf000, 0x0000019007397800, 0x0000019007365000, 0x00000190073fa800,
0x00000190073fb000, 0x00000190073fc000, 0x00000190073fd000, 0x0000019007401800,
0x0000019007577000, 0x000001900757d800, 0x00000190075b1000, 0x00000190078b1800,
0x0000019007a27000
}

Java Threads: ( => current thread )
  0x0000019067faf000 JavaThread "main" [_thread_in_vm, id=107900, stack(0x00000067fc000000,0x00000067fc100000)]
  0x0000019007397800 JavaThread "Reference Handler" daemon [_thread_blocked, id=108140, stack(0x00000067fc700000,0x00000067fc800000)]
  0x0000019007365000 JavaThread "Finalizer" daemon [_thread_blocked, id=106176, stack(0x00000067fc800000,0x00000067fc900000)]
  0x00000190073fa800 JavaThread "Signal Dispatcher" daemon [_thread_blocked, id=111164, stack(0x00000067fc900000,0x00000067fca00000)]
  0x00000190073fb000 JavaThread "Attach Listener" daemon [_thread_blocked, id=110856, stack(0x00000067fca00000,0x00000067fcb00000)]
  0x00000190073fc000 JavaThread "C2 CompilerThread0" daemon [_thread_in_native, id=106908, stack(0x00000067fcb00000,0x00000067fcc00000)]
=>0x00000190073fd000 JavaThread "C1 CompilerThread0" daemon [_thread_in_native, id=110664, stack(0x00000067fcc00000,0x00000067fcd00000)]
  0x0000019007401800 JavaThread "Sweeper thread" daemon [_thread_blocked, id=113076, stack(0x00000067fcd00000,0x00000067fce00000)]
  0x0000019007577000 JavaThread "Service Thread" daemon [_thread_blocked, id=109900, stack(0x00000067fce00000,0x00000067fcf00000)]
  0x000001900757d800 JavaThread "Common-Cleaner" daemon [_thread_blocked, id=117464, stack(0x00000067fd000000,0x00000067fd100000)]
  0x00000190075b1000 JavaThread "surefire-forkedjvm-command-thread" daemon [_thread_in_native, id=107580, stack(0x00000067fd100000,0x00000067fd200000)]
  0x00000190078b1800 JavaThread "surefire-forkedjvm-ping-30s" daemon [_thread_blocked, id=118196, stack(0x00000067fd200000,0x00000067fd300000)]
  0x0000019007a27000 JavaThread "C2 CompilerThread1" daemon [_thread_in_native, id=117128, stack(0x00000067fd300000,0x00000067fd400000)]

Other Threads:
  0x0000019007361800 VMThread "VM Thread" [stack: 0x00000067fc600000,0x00000067fc700000] [id=99472]
  0x0000019007578800 WatcherThread [stack: 0x00000067fcf00000,0x00000067fd000000] [id=112916]
  0x0000019067fc2000 GCTaskThread "GC Thread#0" [stack: 0x00000067fc100000,0x00000067fc200000] [id=34728]
  0x0000019067ff4000 ConcurrentGCThread "G1 Main Marker" [stack: 0x00000067fc200000,0x00000067fc300000] [id=93868]
  0x0000019067ff5000 ConcurrentGCThread "G1 Conc#0" [stack: 0x00000067fc300000,0x00000067fc400000] [id=108956]
  0x00000190069c9000 ConcurrentGCThread "G1 Refine#0" [stack: 0x00000067fc400000,0x00000067fc500000] [id=117144]
  0x00000190069cc000 ConcurrentGCThread "G1 Young RemSet Sampling" [stack: 0x00000067fc500000,0x00000067fc600000] [id=20032]

Threads with active compile tasks:
C2 CompilerThread0 575       4       java.lang.String::indexOf (7 bytes)
C1 CompilerThread0 539       3       jdk.internal.org.objectweb.asm.Frame::execute (2264 bytes)
C2 CompilerThread1 574       4       java.lang.StringLatin1::replace (196 bytes)

VM state:not at safepoint (normal execution)

VM Mutex/Monitor currently owned by a thread: None

Heap address: 0x0000000082200000, size: 2014 MB, Compressed Oops mode: 32-bit
Narrow klass base: 0x0000000000000000, Narrow klass shift: 3
Compressed class space size: 1073741824 Address: 0x0000000100000000

Heap:
 garbage-first heap   total 129024K, used 9216K [0x0000000082200000, 0x0000000100000000)
  region size 1024K, 11 young (11264K), 0 survivors (0K)
 Metaspace       used 9795K, capacity 9975K, committed 10240K, reserved 1062912K
  class space    used 912K, capacity 972K, committed 1024K, reserved 1048576K
Heap Regions: E=young(eden), S=young(survivor), O=old, HS=humongous(starts), HC=humongous(continues), CS=collection set, F=free, A=archive, TAMS=top-at-mark-start (previous, next)
|   0|0x0000000082200000, 0x0000000082200000, 0x0000000082300000|  0%| F|  |TAMS 0x0000000082200000, 0x0000000082200000| Untracked 
|   1|0x0000000082300000, 0x0000000082300000, 0x0000000082400000|  0%| F|  |TAMS 0x0000000082300000, 0x0000000082300000| Untracked 
|   2|0x0000000082400000, 0x0000000082400000, 0x0000000082500000|  0%| F|  |TAMS 0x0000000082400000, 0x0000000082400000| Untracked 
|   3|0x0000000082500000, 0x0000000082500000, 0x0000000082600000|  0%| F|  |TAMS 0x0000000082500000, 0x0000000082500000| Untracked 
|   4|0x0000000082600000, 0x0000000082600000, 0x0000000082700000|  0%| F|  |TAMS 0x0000000082600000, 0x0000000082600000| Untracked 
|   5|0x0000000082700000, 0x0000000082700000, 0x0000000082800000|  0%| F|  |TAMS 0x0000000082700000, 0x0000000082700000| Untracked 
|   6|0x0000000082800000, 0x0000000082800000, 0x0000000082900000|  0%| F|  |TAMS 0x0000000082800000, 0x0000000082800000| Untracked 
|   7|0x0000000082900000, 0x0000000082900000, 0x0000000082a00000|  0%| F|  |TAMS 0x0000000082900000, 0x0000000082900000| Untracked 
|   8|0x0000000082a00000, 0x0000000082a00000, 0x0000000082b00000|  0%| F|  |TAMS 0x0000000082a00000, 0x0000000082a00000| Untracked 
|   9|0x0000000082b00000, 0x0000000082b00000, 0x0000000082c00000|  0%| F|  |TAMS 0x0000000082b00000, 0x0000000082b00000| Untracked 
|  10|0x0000000082c00000, 0x0000000082c00000, 0x0000000082d00000|  0%| F|  |TAMS 0x0000000082c00000, 0x0000000082c00000| Untracked 
|  11|0x0000000082d00000, 0x0000000082d00000, 0x0000000082e00000|  0%| F|  |TAMS 0x0000000082d00000, 0x0000000082d00000| Untracked 
|  12|0x0000000082e00000, 0x0000000082e00000, 0x0000000082f00000|  0%| F|  |TAMS 0x0000000082e00000, 0x0000000082e00000| Untracked 
|  13|0x0000000082f00000, 0x0000000082f00000, 0x0000000083000000|  0%| F|  |TAMS 0x0000000082f00000, 0x0000000082f00000| Untracked 
|  14|0x0000000083000000, 0x0000000083000000, 0x0000000083100000|  0%| F|  |TAMS 0x0000000083000000, 0x0000000083000000| Untracked 
|  15|0x0000000083100000, 0x0000000083100000, 0x0000000083200000|  0%| F|  |TAMS 0x0000000083100000, 0x0000000083100000| Untracked 
|  16|0x0000000083200000, 0x0000000083200000, 0x0000000083300000|  0%| F|  |TAMS 0x0000000083200000, 0x0000000083200000| Untracked 
|  17|0x0000000083300000, 0x0000000083300000, 0x0000000083400000|  0%| F|  |TAMS 0x0000000083300000, 0x0000000083300000| Untracked 
|  18|0x0000000083400000, 0x0000000083400000, 0x0000000083500000|  0%| F|  |TAMS 0x0000000083400000, 0x0000000083400000| Untracked 
|  19|0x0000000083500000, 0x0000000083500000, 0x0000000083600000|  0%| F|  |TAMS 0x0000000083500000, 0x0000000083500000| Untracked 
|  20|0x0000000083600000, 0x0000000083600000, 0x0000000083700000|  0%| F|  |TAMS 0x0000000083600000, 0x0000000083600000| Untracked 
|  21|0x0000000083700000, 0x0000000083700000, 0x0000000083800000|  0%| F|  |TAMS 0x0000000083700000, 0x0000000083700000| Untracked 
|  22|0x0000000083800000, 0x0000000083800000, 0x0000000083900000|  0%| F|  |TAMS 0x0000000083800000, 0x0000000083800000| Untracked 
|  23|0x0000000083900000, 0x0000000083900000, 0x0000000083a00000|  0%| F|  |TAMS 0x0000000083900000, 0x0000000083900000| Untracked 
|  24|0x0000000083a00000, 0x0000000083a00000, 0x0000000083b00000|  0%| F|  |TAMS 0x0000000083a00000, 0x0000000083a00000| Untracked 
|  25|0x0000000083b00000, 0x0000000083b00000, 0x0000000083c00000|  0%| F|  |TAMS 0x0000000083b00000, 0x0000000083b00000| Untracked 
|  26|0x0000000083c00000, 0x0000000083c00000, 0x0000000083d00000|  0%| F|  |TAMS 0x0000000083c00000, 0x0000000083c00000| Untracked 
|  27|0x0000000083d00000, 0x0000000083d00000, 0x0000000083e00000|  0%| F|  |TAMS 0x0000000083d00000, 0x0000000083d00000| Untracked 
|  28|0x0000000083e00000, 0x0000000083e00000, 0x0000000083f00000|  0%| F|  |TAMS 0x0000000083e00000, 0x0000000083e00000| Untracked 
|  29|0x0000000083f00000, 0x0000000083f00000, 0x0000000084000000|  0%| F|  |TAMS 0x0000000083f00000, 0x0000000083f00000| Untracked 
|  30|0x0000000084000000, 0x0000000084000000, 0x0000000084100000|  0%| F|  |TAMS 0x0000000084000000, 0x0000000084000000| Untracked 
|  31|0x0000000084100000, 0x0000000084100000, 0x0000000084200000|  0%| F|  |TAMS 0x0000000084100000, 0x0000000084100000| Untracked 
|  32|0x0000000084200000, 0x0000000084200000, 0x0000000084300000|  0%| F|  |TAMS 0x0000000084200000, 0x0000000084200000| Untracked 
|  33|0x0000000084300000, 0x0000000084300000, 0x0000000084400000|  0%| F|  |TAMS 0x0000000084300000, 0x0000000084300000| Untracked 
|  34|0x0000000084400000, 0x0000000084400000, 0x0000000084500000|  0%| F|  |TAMS 0x0000000084400000, 0x0000000084400000| Untracked 
|  35|0x0000000084500000, 0x0000000084500000, 0x0000000084600000|  0%| F|  |TAMS 0x0000000084500000, 0x0000000084500000| Untracked 
|  36|0x0000000084600000, 0x0000000084600000, 0x0000000084700000|  0%| F|  |TAMS 0x0000000084600000, 0x0000000084600000| Untracked 
|  37|0x0000000084700000, 0x0000000084700000, 0x0000000084800000|  0%| F|  |TAMS 0x0000000084700000, 0x0000000084700000| Untracked 
|  38|0x0000000084800000, 0x0000000084800000, 0x0000000084900000|  0%| F|  |TAMS 0x0000000084800000, 0x0000000084800000| Untracked 
|  39|0x0000000084900000, 0x0000000084900000, 0x0000000084a00000|  0%| F|  |TAMS 0x0000000084900000, 0x0000000084900000| Untracked 
|  40|0x0000000084a00000, 0x0000000084a00000, 0x0000000084b00000|  0%| F|  |TAMS 0x0000000084a00000, 0x0000000084a00000| Untracked 
|  41|0x0000000084b00000, 0x0000000084b00000, 0x0000000084c00000|  0%| F|  |TAMS 0x0000000084b00000, 0x0000000084b00000| Untracked 
|  42|0x0000000084c00000, 0x0000000084c00000, 0x0000000084d00000|  0%| F|  |TAMS 0x0000000084c00000, 0x0000000084c00000| Untracked 
|  43|0x0000000084d00000, 0x0000000084d00000, 0x0000000084e00000|  0%| F|  |TAMS 0x0000000084d00000, 0x0000000084d00000| Untracked 
|  44|0x0000000084e00000, 0x0000000084e00000, 0x0000000084f00000|  0%| F|  |TAMS 0x0000000084e00000, 0x0000000084e00000| Untracked 
|  45|0x0000000084f00000, 0x0000000084f00000, 0x0000000085000000|  0%| F|  |TAMS 0x0000000084f00000, 0x0000000084f00000| Untracked 
|  46|0x0000000085000000, 0x0000000085000000, 0x0000000085100000|  0%| F|  |TAMS 0x0000000085000000, 0x0000000085000000| Untracked 
|  47|0x0000000085100000, 0x0000000085100000, 0x0000000085200000|  0%| F|  |TAMS 0x0000000085100000, 0x0000000085100000| Untracked 
|  48|0x0000000085200000, 0x0000000085200000, 0x0000000085300000|  0%| F|  |TAMS 0x0000000085200000, 0x0000000085200000| Untracked 
|  49|0x0000000085300000, 0x0000000085300000, 0x0000000085400000|  0%| F|  |TAMS 0x0000000085300000, 0x0000000085300000| Untracked 
|  50|0x0000000085400000, 0x0000000085400000, 0x0000000085500000|  0%| F|  |TAMS 0x0000000085400000, 0x0000000085400000| Untracked 
|  51|0x0000000085500000, 0x0000000085500000, 0x0000000085600000|  0%| F|  |TAMS 0x0000000085500000, 0x0000000085500000| Untracked 
|  52|0x0000000085600000, 0x0000000085600000, 0x0000000085700000|  0%| F|  |TAMS 0x0000000085600000, 0x0000000085600000| Untracked 
|  53|0x0000000085700000, 0x0000000085700000, 0x0000000085800000|  0%| F|  |TAMS 0x0000000085700000, 0x0000000085700000| Untracked 
|  54|0x0000000085800000, 0x0000000085800000, 0x0000000085900000|  0%| F|  |TAMS 0x0000000085800000, 0x0000000085800000| Untracked 
|  55|0x0000000085900000, 0x0000000085900000, 0x0000000085a00000|  0%| F|  |TAMS 0x0000000085900000, 0x0000000085900000| Untracked 
|  56|0x0000000085a00000, 0x0000000085a00000, 0x0000000085b00000|  0%| F|  |TAMS 0x0000000085a00000, 0x0000000085a00000| Untracked 
|  57|0x0000000085b00000, 0x0000000085b00000, 0x0000000085c00000|  0%| F|  |TAMS 0x0000000085b00000, 0x0000000085b00000| Untracked 
|  58|0x0000000085c00000, 0x0000000085c00000, 0x0000000085d00000|  0%| F|  |TAMS 0x0000000085c00000, 0x0000000085c00000| Untracked 
|  59|0x0000000085d00000, 0x0000000085d00000, 0x0000000085e00000|  0%| F|  |TAMS 0x0000000085d00000, 0x0000000085d00000| Untracked 
|  60|0x0000000085e00000, 0x0000000085e00000, 0x0000000085f00000|  0%| F|  |TAMS 0x0000000085e00000, 0x0000000085e00000| Untracked 
|  61|0x0000000085f00000, 0x0000000085f00000, 0x0000000086000000|  0%| F|  |TAMS 0x0000000085f00000, 0x0000000085f00000| Untracked 
|  62|0x0000000086000000, 0x0000000086000000, 0x0000000086100000|  0%| F|  |TAMS 0x0000000086000000, 0x0000000086000000| Untracked 
|  63|0x0000000086100000, 0x0000000086100000, 0x0000000086200000|  0%| F|  |TAMS 0x0000000086100000, 0x0000000086100000| Untracked 
|  64|0x0000000086200000, 0x0000000086200000, 0x0000000086300000|  0%| F|  |TAMS 0x0000000086200000, 0x0000000086200000| Untracked 
|  65|0x0000000086300000, 0x0000000086300000, 0x0000000086400000|  0%| F|  |TAMS 0x0000000086300000, 0x0000000086300000| Untracked 
|  66|0x0000000086400000, 0x0000000086400000, 0x0000000086500000|  0%| F|  |TAMS 0x0000000086400000, 0x0000000086400000| Untracked 
|  67|0x0000000086500000, 0x0000000086500000, 0x0000000086600000|  0%| F|  |TAMS 0x0000000086500000, 0x0000000086500000| Untracked 
|  68|0x0000000086600000, 0x0000000086600000, 0x0000000086700000|  0%| F|  |TAMS 0x0000000086600000, 0x0000000086600000| Untracked 
|  69|0x0000000086700000, 0x0000000086700000, 0x0000000086800000|  0%| F|  |TAMS 0x0000000086700000, 0x0000000086700000| Untracked 
|  70|0x0000000086800000, 0x0000000086800000, 0x0000000086900000|  0%| F|  |TAMS 0x0000000086800000, 0x0000000086800000| Untracked 
|  71|0x0000000086900000, 0x0000000086900000, 0x0000000086a00000|  0%| F|  |TAMS 0x0000000086900000, 0x0000000086900000| Untracked 
|  72|0x0000000086a00000, 0x0000000086a00000, 0x0000000086b00000|  0%| F|  |TAMS 0x0000000086a00000, 0x0000000086a00000| Untracked 
|  73|0x0000000086b00000, 0x0000000086b00000, 0x0000000086c00000|  0%| F|  |TAMS 0x0000000086b00000, 0x0000000086b00000| Untracked 
|  74|0x0000000086c00000, 0x0000000086c00000, 0x0000000086d00000|  0%| F|  |TAMS 0x0000000086c00000, 0x0000000086c00000| Untracked 
|  75|0x0000000086d00000, 0x0000000086d00000, 0x0000000086e00000|  0%| F|  |TAMS 0x0000000086d00000, 0x0000000086d00000| Untracked 
|  76|0x0000000086e00000, 0x0000000086e00000, 0x0000000086f00000|  0%| F|  |TAMS 0x0000000086e00000, 0x0000000086e00000| Untracked 
|  77|0x0000000086f00000, 0x0000000086f00000, 0x0000000087000000|  0%| F|  |TAMS 0x0000000086f00000, 0x0000000086f00000| Untracked 
|  78|0x0000000087000000, 0x0000000087000000, 0x0000000087100000|  0%| F|  |TAMS 0x0000000087000000, 0x0000000087000000| Untracked 
|  79|0x0000000087100000, 0x0000000087100000, 0x0000000087200000|  0%| F|  |TAMS 0x0000000087100000, 0x0000000087100000| Untracked 
|  80|0x0000000087200000, 0x0000000087200000, 0x0000000087300000|  0%| F|  |TAMS 0x0000000087200000, 0x0000000087200000| Untracked 
|  81|0x0000000087300000, 0x0000000087300000, 0x0000000087400000|  0%| F|  |TAMS 0x0000000087300000, 0x0000000087300000| Untracked 
|  82|0x0000000087400000, 0x0000000087400000, 0x0000000087500000|  0%| F|  |TAMS 0x0000000087400000, 0x0000000087400000| Untracked 
|  83|0x0000000087500000, 0x0000000087500000, 0x0000000087600000|  0%| F|  |TAMS 0x0000000087500000, 0x0000000087500000| Untracked 
|  84|0x0000000087600000, 0x0000000087600000, 0x0000000087700000|  0%| F|  |TAMS 0x0000000087600000, 0x0000000087600000| Untracked 
|  85|0x0000000087700000, 0x0000000087700000, 0x0000000087800000|  0%| F|  |TAMS 0x0000000087700000, 0x0000000087700000| Untracked 
|  86|0x0000000087800000, 0x0000000087800000, 0x0000000087900000|  0%| F|  |TAMS 0x0000000087800000, 0x0000000087800000| Untracked 
|  87|0x0000000087900000, 0x0000000087900000, 0x0000000087a00000|  0%| F|  |TAMS 0x0000000087900000, 0x0000000087900000| Untracked 
|  88|0x0000000087a00000, 0x0000000087a00000, 0x0000000087b00000|  0%| F|  |TAMS 0x0000000087a00000, 0x0000000087a00000| Untracked 
|  89|0x0000000087b00000, 0x0000000087b00000, 0x0000000087c00000|  0%| F|  |TAMS 0x0000000087b00000, 0x0000000087b00000| Untracked 
|  90|0x0000000087c00000, 0x0000000087c00000, 0x0000000087d00000|  0%| F|  |TAMS 0x0000000087c00000, 0x0000000087c00000| Untracked 
|  91|0x0000000087d00000, 0x0000000087d00000, 0x0000000087e00000|  0%| F|  |TAMS 0x0000000087d00000, 0x0000000087d00000| Untracked 
|  92|0x0000000087e00000, 0x0000000087e00000, 0x0000000087f00000|  0%| F|  |TAMS 0x0000000087e00000, 0x0000000087e00000| Untracked 
|  93|0x0000000087f00000, 0x0000000087f00000, 0x0000000088000000|  0%| F|  |TAMS 0x0000000087f00000, 0x0000000087f00000| Untracked 
|  94|0x0000000088000000, 0x0000000088000000, 0x0000000088100000|  0%| F|  |TAMS 0x0000000088000000, 0x0000000088000000| Untracked 
|  95|0x0000000088100000, 0x0000000088100000, 0x0000000088200000|  0%| F|  |TAMS 0x0000000088100000, 0x0000000088100000| Untracked 
|  96|0x0000000088200000, 0x0000000088200000, 0x0000000088300000|  0%| F|  |TAMS 0x0000000088200000, 0x0000000088200000| Untracked 
|  97|0x0000000088300000, 0x0000000088300000, 0x0000000088400000|  0%| F|  |TAMS 0x0000000088300000, 0x0000000088300000| Untracked 
|  98|0x0000000088400000, 0x0000000088400000, 0x0000000088500000|  0%| F|  |TAMS 0x0000000088400000, 0x0000000088400000| Untracked 
|  99|0x0000000088500000, 0x0000000088500000, 0x0000000088600000|  0%| F|  |TAMS 0x0000000088500000, 0x0000000088500000| Untracked 
| 100|0x0000000088600000, 0x0000000088600000, 0x0000000088700000|  0%| F|  |TAMS 0x0000000088600000, 0x0000000088600000| Untracked 
| 101|0x0000000088700000, 0x0000000088700000, 0x0000000088800000|  0%| F|  |TAMS 0x0000000088700000, 0x0000000088700000| Untracked 
| 102|0x0000000088800000, 0x0000000088800000, 0x0000000088900000|  0%| F|  |TAMS 0x0000000088800000, 0x0000000088800000| Untracked 
| 103|0x0000000088900000, 0x0000000088900000, 0x0000000088a00000|  0%| F|  |TAMS 0x0000000088900000, 0x0000000088900000| Untracked 
| 104|0x0000000088a00000, 0x0000000088a00000, 0x0000000088b00000|  0%| F|  |TAMS 0x0000000088a00000, 0x0000000088a00000| Untracked 
| 105|0x0000000088b00000, 0x0000000088b00000, 0x0000000088c00000|  0%| F|  |TAMS 0x0000000088b00000, 0x0000000088b00000| Untracked 
| 106|0x0000000088c00000, 0x0000000088c00000, 0x0000000088d00000|  0%| F|  |TAMS 0x0000000088c00000, 0x0000000088c00000| Untracked 
| 107|0x0000000088d00000, 0x0000000088d00000, 0x0000000088e00000|  0%| F|  |TAMS 0x0000000088d00000, 0x0000000088d00000| Untracked 
| 108|0x0000000088e00000, 0x0000000088e00000, 0x0000000088f00000|  0%| F|  |TAMS 0x0000000088e00000, 0x0000000088e00000| Untracked 
| 109|0x0000000088f00000, 0x0000000088f00000, 0x0000000089000000|  0%| F|  |TAMS 0x0000000088f00000, 0x0000000088f00000| Untracked 
| 110|0x0000000089000000, 0x0000000089000000, 0x0000000089100000|  0%| F|  |TAMS 0x0000000089000000, 0x0000000089000000| Untracked 
| 111|0x0000000089100000, 0x0000000089100000, 0x0000000089200000|  0%| F|  |TAMS 0x0000000089100000, 0x0000000089100000| Untracked 
| 112|0x0000000089200000, 0x0000000089200000, 0x0000000089300000|  0%| F|  |TAMS 0x0000000089200000, 0x0000000089200000| Untracked 
| 113|0x0000000089300000, 0x0000000089300000, 0x0000000089400000|  0%| F|  |TAMS 0x0000000089300000, 0x0000000089300000| Untracked 
| 114|0x0000000089400000, 0x0000000089400000, 0x0000000089500000|  0%| F|  |TAMS 0x0000000089400000, 0x0000000089400000| Untracked 
| 115|0x0000000089500000, 0x000000008957b678, 0x0000000089600000| 48%| E|  |TAMS 0x0000000089500000, 0x0000000089500000| Complete 
| 116|0x0000000089600000, 0x0000000089700000, 0x0000000089700000|100%| E|CS|TAMS 0x0000000089600000, 0x0000000089600000| Complete 
| 117|0x0000000089700000, 0x0000000089800000, 0x0000000089800000|100%| E|CS|TAMS 0x0000000089700000, 0x0000000089700000| Complete 
| 118|0x0000000089800000, 0x0000000089900000, 0x0000000089900000|100%| E|  |TAMS 0x0000000089800000, 0x0000000089800000| Complete 
| 119|0x0000000089900000, 0x0000000089a00000, 0x0000000089a00000|100%| E|CS|TAMS 0x0000000089900000, 0x0000000089900000| Complete 
| 120|0x0000000089a00000, 0x0000000089b00000, 0x0000000089b00000|100%| E|CS|TAMS 0x0000000089a00000, 0x0000000089a00000| Complete 
| 121|0x0000000089b00000, 0x0000000089c00000, 0x0000000089c00000|100%| E|CS|TAMS 0x0000000089b00000, 0x0000000089b00000| Complete 
| 122|0x0000000089c00000, 0x0000000089d00000, 0x0000000089d00000|100%| E|CS|TAMS 0x0000000089c00000, 0x0000000089c00000| Complete 
| 123|0x0000000089d00000, 0x0000000089e00000, 0x0000000089e00000|100%| E|CS|TAMS 0x0000000089d00000, 0x0000000089d00000| Complete 
| 124|0x0000000089e00000, 0x0000000089f00000, 0x0000000089f00000|100%| E|CS|TAMS 0x0000000089e00000, 0x0000000089e00000| Complete 
| 125|0x0000000089f00000, 0x000000008a000000, 0x000000008a000000|100%| E|CS|TAMS 0x0000000089f00000, 0x0000000089f00000| Complete 

Card table byte_map: [0x000001907f9c0000,0x000001907fdb0000] _byte_map_base: 0x000001907f5af000

Marking Bits (Prev, Next): (CMBitMap*) 0x0000019067fea238, (CMBitMap*) 0x0000019067fea270
 Prev Bits: [0x00000190003f0000, 0x0000019002368000)
 Next Bits: [0x0000019002370000, 0x00000190042e8000)

Polling page: 0x0000019067740000

Metaspace:

Usage:
  Non-class:      8.79 MB capacity,     8.67 MB ( 99%) used,   108.91 KB (  1%) free+waste,    11.06 KB ( <1%) overhead. 
      Class:    972.00 KB capacity,   912.43 KB ( 94%) used,    54.32 KB (  6%) free+waste,     5.25 KB ( <1%) overhead. 
       Both:      9.74 MB capacity,     9.57 MB ( 98%) used,   163.23 KB (  2%) free+waste,    16.31 KB ( <1%) overhead. 

Virtual space:
  Non-class space:       14.00 MB reserved,       9.00 MB ( 64%) committed 
      Class space:        1.00 GB reserved,       1.00 MB ( <1%) committed 
             Both:        1.01 GB reserved,      10.00 MB ( <1%) committed 

Chunk freelists:
   Non-Class:  2.63 KB
       Class:  2.50 KB
        Both:  5.13 KB

CodeHeap 'non-profiled nmethods': size=120000Kb used=166Kb max_used=166Kb free=119833Kb
 bounds [0x0000019077d70000, 0x0000019077fe0000, 0x000001907f2a0000]
CodeHeap 'profiled nmethods': size=120000Kb used=782Kb max_used=782Kb free=119217Kb
 bounds [0x0000019070840000, 0x0000019070ab0000, 0x0000019077d70000]
CodeHeap 'non-nmethods': size=5760Kb used=1080Kb max_used=1092Kb free=4679Kb
 bounds [0x00000190702a0000, 0x0000019070510000, 0x0000019070840000]
 total_blobs=1065 nmethods=548 adapters=294
 compilation: enabled
              stopped_count=0, restarted_count=0
 full_count=0

Compilation events (10 events):
Event: 0.565 Thread 0x00000190073fd000  532       3       java.lang.invoke.LambdaForm::parameterType (9 bytes)
Event: 0.565 Thread 0x00000190073fd000 nmethod 532 0x0000019070902910 code [0x0000019070902ac0, 0x0000019070902c50]
Event: 0.565 Thread 0x00000190073fd000  533       3       java.util.ImmutableCollections$ListN::get (7 bytes)
Event: 0.565 Thread 0x00000190073fd000 nmethod 533 0x0000019070902d10 code [0x0000019070902ec0, 0x0000019070903058]
Event: 0.565 Thread 0x00000190073fd000  534       3       java.util.ImmutableCollections$ListN::size (6 bytes)
Event: 0.565 Thread 0x00000190073fd000 nmethod 534 0x0000019070903110 code [0x00000190709032c0, 0x0000019070903438]
Event: 0.565 Thread 0x00000190073fd000  538       3       java.lang.invoke.LambdaForm$Name::useCount (42 bytes)
Event: 0.565 Thread 0x00000190073fc000  537       4       jdk.internal.org.objectweb.asm.ByteVector::putUTF8 (142 bytes)
Event: 0.565 Thread 0x00000190073fd000 nmethod 538 0x0000019070903510 code [0x00000190709036e0, 0x0000019070903a38]
Event: 0.565 Thread 0x00000190073fd000  539       3       jdk.internal.org.objectweb.asm.Frame::execute (2264 bytes)

GC Heap History (0 events):
No events

Deoptimization events (1 events):
Event: 0.192 Thread 0x0000019067faf000 Uncommon trap: reason=unstable_if action=reinterpret pc=0x0000019077d75270 method=java.lang.String.hashCode()I @ 14 c2

Classes redefined (0 events):
No events

Internal exceptions (2 events):
Event: 0.232 Thread 0x0000019067faf000 Exception <a 'java/lang/NoSuchMethodError'{0x0000000089d68d48}: java.lang.invoke.DirectMethodHandle$Holder.invokeStaticInit(Ljava/lang/Object;Ljava/lang/Object;Ljava/lang/Object;)Ljava/lang/Object;> (0x0000000089d68d48) thrown at [t:/workspace/open/src/ho
Event: 0.335 Thread 0x00000190078b1800 Exception <a 'java/io/IOException'{0x0000000089bb1f20}: CreateProcess error=1455, The paging file is too small for this operation to complete> (0x0000000089bb1f20) thrown at [t:/workspace/open/src/hotspot/share/prims/jni.cpp, line 636]

Events (10 events):
Event: 0.564 loading class java/lang/invoke/BoundMethodHandle$Species_LLLLLLI
Event: 0.565 loading class java/lang/invoke/BoundMethodHandle$Species_LLLLLLI done
Event: 0.566 Executing VM operation: CollectForMetadataAllocation
Event: 0.566 Executing VM operation: CollectForMetadataAllocation done
Event: 0.566 loading class sun/invoke/util/ValueConversions$WrapperCache
Event: 0.566 loading class sun/invoke/util/ValueConversions$WrapperCache done
Event: 0.566 loading class java/lang/invoke/BoundMethodHandle$Species_LLLLLLII
Event: 0.566 loading class java/lang/invoke/BoundMethodHandle$Species_LLLLLLII done
Event: 0.567 loading class java/lang/invoke/BoundMethodHandle$Species_LLLLLLIIL
Event: 0.567 loading class java/lang/invoke/BoundMethodHandle$Species_LLLLLLIIL done


Dynamic libraries:
0x00007ff76ab90000 - 0x00007ff76abd7000 	C:\Program Files\Java\jdk-11.0.3\bin\java.exe
0x00007ffb971d0000 - 0x00007ffb973c5000 	C:\WINDOWS\SYSTEM32\ntdll.dll
0x00007ffb95220000 - 0x00007ffb952de000 	C:\WINDOWS\System32\c_jascoy.dll
0x00007ffb94b80000 - 0x00007ffb94e48000 	C:\WINDOWS\System32\y_reitmomr.dll
0x00007ffb971d0000 - 0x00007ffb973c5000 	C:\WINDOWS\SYSTEM32\ntdll.dll
0x00007ffb95220000 - 0x00007ffb952de000 	C:\WINDOWS\System32\c_jascoy.dll
0x00007ffb94b80000 - 0x00007ffb94e48000 	C:\WINDOWS\System32\y_reitmomr.dll
0x00007ffb954c0000 - 0x00007ffb9556c000 	C:\WINDOWS\System32\ADVAPI32.dll
0x00007ffb96df0000 - 0x00007ffb96e8e000 	C:\WINDOWS\System32\msvcrt.dll
0x00007ffb970f0000 - 0x00007ffb9718b000 	C:\WINDOWS\System32\sechost.dll
0x00007ffb96790000 - 0x00007ffb968ba000 	C:\WINDOWS\System32\RPCRT4.dll
0x00007ffb96e90000 - 0x00007ffb97031000 	C:\WINDOWS\System32\USER32.dll
0x00007ffb949f0000 - 0x00007ffb94a12000 	C:\WINDOWS\System32\win32u.dll
0x00007ffb963f0000 - 0x00007ffb9641b000 	C:\WINDOWS\System32\GDI32.dll
0x00007ffb94a20000 - 0x00007ffb94b2b000 	C:\WINDOWS\System32\gdi32full.dll
0x00007ffb94f90000 - 0x00007ffb9502d000 	C:\WINDOWS\System32\msvcp_win.dll
0x00007ffb948f0000 - 0x00007ffb949f0000 	C:\WINDOWS\System32\ucrtbase.dll
0x00007ffb7c9f0000 - 0x00007ffb7cc8a000 	C:\WINDOWS\WinSxS\amd64_microsoft.windows.common-controls_6595b64144ccf1df_6.0.19041.1110_none_60b5254171f9507e\COMCTL32.dll
0x00007ffb868d0000 - 0x00007ffb868da000 	C:\WINDOWS\SYSTEM32\VERSION.dll
0x00007ffb95580000 - 0x00007ffb955b0000 	C:\WINDOWS\System32\IMM32.DLL
0x00007ffb6fc00000 - 0x00007ffb6fd35000 	C:\Program Files\Cisco\AMP\exprev\Protector64.dll
0x00007ffb95cb0000 - 0x00007ffb963ef000 	C:\WINDOWS\System32\SHELL32.dll
0x00007ffb966c0000 - 0x00007ffb9678d000 	C:\WINDOWS\System32\OLEAUT32.dll
0x00007ffb96920000 - 0x00007ffb96c75000 	C:\WINDOWS\System32\combase.dll
0x00007ffb95460000 - 0x00007ffb954b5000 	C:\WINDOWS\System32\SHLWAPI.dll
0x00007ffb93480000 - 0x00007ffb934b3000 	C:\WINDOWS\SYSTEM32\ntmarta.dll
0x00007ffb93ff0000 - 0x00007ffb940f2000 	C:\Program Files\Avecto\Privilege Guard Client\PGHook.dll
0x00007ffb85cb0000 - 0x00007ffb85cc6000 	C:\Program Files\Java\jdk-11.0.3\bin\vcruntime140.dll
0x00007ffb6a280000 - 0x00007ffb6a32a000 	C:\Program Files\Java\jdk-11.0.3\bin\msvcp140.dll
0x00007ffb12840000 - 0x00007ffb13367000 	C:\Program Files\Java\jdk-11.0.3\bin\server\jvm.dll
0x00007ffb95570000 - 0x00007ffb95578000 	C:\WINDOWS\System32\PSAPI.DLL
0x00007ffb7ad50000 - 0x00007ffb7ad59000 	C:\WINDOWS\SYSTEM32\WSOCK32.dll
0x00007ffb964a0000 - 0x00007ffb9650b000 	C:\WINDOWS\System32\WS2_32.dll
0x00007ffb80e80000 - 0x00007ffb80ea7000 	C:\WINDOWS\SYSTEM32\WINMM.dll
0x00007ffb92fd0000 - 0x00007ffb92fe2000 	C:\WINDOWS\SYSTEM32\kernel.appcore.dll
0x00007ffb875e0000 - 0x00007ffb875f1000 	C:\Program Files\Java\jdk-11.0.3\bin\verify.dll
0x00007ffb8f4d0000 - 0x00007ffb8f6b4000 	C:\WINDOWS\SYSTEM32\DBGHELP.DLL
0x00007ffb873a0000 - 0x00007ffb873cc000 	C:\WINDOWS\SYSTEM32\dbgcore.DLL
0x00000190676b0000 - 0x0000019067733000 	C:\WINDOWS\System32\bcryptPrimitives.dll
0x00007ffb875a0000 - 0x00007ffb875c9000 	C:\Program Files\Java\jdk-11.0.3\bin\java.dll
0x00007ffb87500000 - 0x00007ffb87516000 	C:\Program Files\Java\jdk-11.0.3\bin\zip.dll
0x00007ffb87110000 - 0x00007ffb8711a000 	C:\Program Files\Java\jdk-11.0.3\bin\jimage.dll
0x00007ffb8f6c0000 - 0x00007ffb8fe50000 	C:\WINDOWS\SYSTEM32\windows.storage.dll
0x00007ffb94340000 - 0x00007ffb9436e000 	C:\WINDOWS\SYSTEM32\Wldp.dll
0x00007ffb96d40000 - 0x00007ffb96ded000 	C:\WINDOWS\System32\SHCORE.dll
0x00007ffb94830000 - 0x00007ffb9484f000 	C:\WINDOWS\SYSTEM32\profapi.dll
0x00007ffb86060000 - 0x00007ffb86079000 	C:\Program Files\Java\jdk-11.0.3\bin\net.dll
0x00007ffb937c0000 - 0x00007ffb938cc000 	C:\WINDOWS\SYSTEM32\WINHTTP.dll
0x00007ffb7aef0000 - 0x00007ffb7b0db000 	C:\WINDOWS\SYSTEM32\urlmon.dll
0x00007ffb7d660000 - 0x00007ffb7d910000 	C:\WINDOWS\SYSTEM32\iertutil.dll
0x00007ffb85c20000 - 0x00007ffb85c48000 	C:\WINDOWS\SYSTEM32\srvcli.dll
0x00007ffb93d20000 - 0x00007ffb93d2c000 	C:\WINDOWS\SYSTEM32\netutils.dll
0x00007ffb93f20000 - 0x00007ffb93f8a000 	C:\WINDOWS\system32\mswsock.dll
0x00007ffb85cf0000 - 0x00007ffb85d03000 	C:\Program Files\Java\jdk-11.0.3\bin\nio.dll
0x00007ffb867c0000 - 0x00007ffb867c9000 	C:\Program Files\Java\jdk-11.0.3\bin\management.dll
0x00007ffb85fd0000 - 0x00007ffb85fdc000 	C:\Program Files\Java\jdk-11.0.3\bin\management_ext.dll

dbghelp: loaded successfully - version: 4.0.5 - missing functions: none
symbol engine: initialized successfully - sym options: 0x614 - pdb path: .;C:\Program Files\Java\jdk-11.0.3\bin;C:\WINDOWS\SYSTEM32;C:\WINDOWS\WinSxS\amd64_microsoft.windows.common-controls_6595b64144ccf1df_6.0.19041.1110_none_60b5254171f9507e;C:\Program Files\Cisco\AMP\exprev;C:\Program Files\Avecto\Privilege Guard Client;C:\Program Files\Java\jdk-11.0.3\bin\server

VM Arguments:
java_command: C:\Users\Vnameit\AppData\Local\Temp\surefire14533074333389664203\surefirebooter10283756940668913524.jar C:\Users\Vnameit\AppData\Local\Temp\surefire14533074333389664203 2022-10-03T12-44-17_775-jvmRun1 surefire8523951170496392106tmp surefire_014520422567389203041tmp
java_class_path (initial): C:\Users\Vnameit\AppData\Local\Temp\surefire14533074333389664203\surefirebooter10283756940668913524.jar
Launcher Type: SUN_STANDARD

[Global flags]
     intx CICompilerCount                          = 4                                         {product} {ergonomic}
     uint ConcGCThreads                            = 2                                         {product} {ergonomic}
     uint G1ConcRefinementThreads                  = 8                                         {product} {ergonomic}
   size_t G1HeapRegionSize                         = 1048576                                   {product} {ergonomic}
    uintx GCDrainStackTargetSize                   = 64                                        {product} {ergonomic}
   size_t InitialHeapSize                          = 132120576                                 {product} {ergonomic}
   size_t MarkStackSize                            = 4194304                                   {product} {ergonomic}
   size_t MaxHeapSize                              = 2111832064                                {product} {ergonomic}
   size_t MaxNewSize                               = 1266679808                                {product} {ergonomic}
   size_t MinHeapDeltaBytes                        = 1048576                                   {product} {ergonomic}
    uintx NonNMethodCodeHeapSize                   = 5835340                                {pd product} {ergonomic}
    uintx NonProfiledCodeHeapSize                  = 122911450                              {pd product} {ergonomic}
    uintx ProfiledCodeHeapSize                     = 122911450                              {pd product} {ergonomic}
    uintx ReservedCodeCacheSize                    = 251658240                              {pd product} {ergonomic}
     bool SegmentedCodeCache                       = true                                      {product} {ergonomic}
     bool UseCompressedClassPointers               = true                                 {lp64_product} {ergonomic}
     bool UseCompressedOops                        = true                                 {lp64_product} {ergonomic}
     bool UseG1GC                                  = true                                      {product} {ergonomic}
     bool UseLargePagesIndividualAllocation        = false                                  {pd product} {ergonomic}

Logging:
Log output configuration:
 #0: stdout all=warning uptime,level,tags
 #1: stderr all=off uptime,level,tags

Environment Variables:
JAVA_HOME=C:\Program Files\Java\jdk1.8.0_192
PATH=C:/Program Files/Java/jdk-11.0.3/bin/server;C:/Program Files/Java/jdk-11.0.3/bin;C:/Users/Vnameit/AppData/Local/Temp/eoi342D.tmp//plugins/org.eclipse.justj.openjdk.hotspot.jre.minimal.stripped.win32.x86_64_17.0.3.v20220515-1416/jre/bin/server;C:/Users/Vnameit/AppData/Local/Temp/eoi342D.tmp//plugins/org.eclipse.justj.openjdk.hotspot.jre.minimal.stripped.win32.x86_64_17.0.3.v20220515-1416/jre/bin;C:\Program Files (x86)\Common Files\Oracle\Java\javapath;C:\WINDOWS\system32;C:\WINDOWS;C:\WINDOWS\System32\Wbem;C:\WINDOWS\System32\WindowsPowerShell\v1.0\;C:\Program Files (x86)\MySQL\MySQL Fabric 1.5.4 & MySQL Utilities 1.5.4 1.5\;C:\Program Files (x86)\MySQL\MySQL Fabric 1.5.4 & MySQL Utilities 1.5.4 1.5\Doctrine extensions for PHP\;C:\WINDOWS\System32\OpenSSH\;C:\Users\Vnameit\AppData\Local\Microsoft\WindowsApps;C:\New folder (2);;C:\New folder (2);
USERNAME=Vnameit
OS=Windows_NT
PROCESSOR_IDENTIFIER=Intel64 Family 6 Model 142 Stepping 10, GenuineIntel



---------------  S Y S T E M  ---------------

OS: Windows 10 , 64 bit Build 19041 (10.0.19041.1348)

CPU:total 8 (initial active 8) (4 cores per cpu, 2 threads per core) family 6 model 142 stepping 10, cmov, cx8, fxsr, mmx, sse, sse2, sse3, ssse3, sse4.1, sse4.2, popcnt, avx, avx2, aes, clmul, erms, 3dnowpref, lzcnt, ht, tsc, tscinvbit, bmi1, bmi2, adx, fma

Memory: 4k page, system-wide physical 8050M (233M free)
TotalPageFile size 24434M (AvailPageFile size 0M)
current process WorkingSet (physical memory assigned to process): 65M, peak: 65M
current process commit charge ("private bytes"): 221M, peak: 221M

vm_info: Java HotSpot(TM) 64-Bit Server VM (11.0.3+12-LTS) for windows-amd64 JRE (11.0.3+12-LTS), built on Apr  2 2019 12:43:09 by "mach5one" with MS VC++ 15.5 (VS2017)

END.
