#
# There is insufficient memory for the Java Runtime Environment to continue.
# Native memory allocation (malloc) failed to allocate 325136 bytes for Chunk::new
# Possible reasons:
#   The system is out of physical RAM or swap space
#   The process is running with CompressedOops enabled, and the Java Heap may be blocking the growth of the native heap
# Possible solutions:
#   Reduce memory load on the system
#   Increase physical memory or swap space
#   Check if swap backing store is full
#   Decrease Java heap size (-Xmx/-Xms)
#   Decrease number of Java threads
#   Decrease Java thread stack sizes (-Xss)
#   Set larger code cache with -XX:ReservedCodeCacheSize=
#   JVM is running with Unscaled Compressed Oops mode in which the Java heap is
#     placed in the first 4GB address space. The Java Heap base address is the
#     maximum limit for the native heap growth. Please use -XX:HeapBaseMinAddress
#     to set the Java Heap base and to place the Java Heap above 4GB virtual address.
# This output file may be truncated or incomplete.
#
#  Out of Memory Error (t:/workspace/open/src/hotspot/share/memory/arena.cpp:197), pid=115880, tid=118224
#
# JRE version: Java(TM) SE Runtime Environment (11.0.3+12) (build 11.0.3+12-LTS)
# Java VM: Java HotSpot(TM) 64-Bit Server VM (11.0.3+12-LTS, mixed mode, tiered, compressed oops, g1 gc, windows-amd64)
# No core dump will be written. Minidumps are not enabled by default on client versions of Windows
#

---------------  S U M M A R Y ------------

Command Line: -Dmaven.home=EMBEDDED -Dclassworlds.conf=D:\eclipse-workspace\.metadata\.plugins\org.eclipse.m2e.launching\launches\m2conf2234909679004397314.tmp -Dmaven.multiModuleProjectDirectory=D:\eclipse-workspace\demo -Dfile.encoding=UTF-8 org.codehaus.plexus.classworlds.launcher.Launcher -Ppom.xml -B clean

Host: Intel(R) Core(TM) i5-8250U CPU @ 1.60GHz, 8 cores, 7G,  Windows 10 , 64 bit Build 19041 (10.0.19041.1348)
Time: Mon Oct  3 12:43:25 2022 India Standard Time elapsed time: 1 seconds (0d 0h 0m 1s)

---------------  T H R E A D  ---------------

Current thread (0x000001ccb22ae000):  JavaThread "C2 CompilerThread0" daemon [_thread_in_native, id=118224, stack(0x0000003e02500000,0x0000003e02600000)]


Current CompileTask:
C2:   1017  616  s!   4       jdk.internal.loader.URLClassPath::getLoader (194 bytes)

Stack: [0x0000003e02500000,0x0000003e02600000]
Native frames: (J=compiled Java code, j=interpreted, Vv=VM code, C=native code)
V  [jvm.dll+0x63582a]
V  [jvm.dll+0x77360f]
V  [jvm.dll+0x774cba]
V  [jvm.dll+0x775373]
V  [jvm.dll+0x25e9c8]
V  [jvm.dll+0xc21d1]
V  [jvm.dll+0xc275c]
V  [jvm.dll+0x36dae7]
V  [jvm.dll+0x33ab03]
V  [jvm.dll+0x339eda]
V  [jvm.dll+0x218875]
V  [jvm.dll+0x217a1a]
V  [jvm.dll+0x194300]
V  [jvm.dll+0x2269df]
V  [jvm.dll+0x224fe8]
V  [jvm.dll+0x738aed]
V  [jvm.dll+0x6348c2]
C  [ucrtbase.dll+0x21bb2]
C  [q_itzhzw.dll+0x17034]
C  [Protector64.dll+0x38803]
C  [ntdll.dll+0x52651]


---------------  P R O C E S S  ---------------

Threads class SMR info:
_java_thread_list=0x000001ccb240b8f0, length=10, elements={
0x000001cc92eb1000, 0x000001ccb1a2d800, 0x000001ccb1a25800, 0x000001ccb22ab800,
0x000001ccb22ac800, 0x000001ccb22ae000, 0x000001ccb22b3800, 0x000001ccb225e800,
0x000001ccb2418000, 0x000001ccb2422000
}

Java Threads: ( => current thread )
  0x000001cc92eb1000 JavaThread "main" [_thread_in_vm, id=117940, stack(0x0000003e01a00000,0x0000003e01b00000)]
  0x000001ccb1a2d800 JavaThread "Reference Handler" daemon [_thread_blocked, id=108824, stack(0x0000003e02100000,0x0000003e02200000)]
  0x000001ccb1a25800 JavaThread "Finalizer" daemon [_thread_blocked, id=111376, stack(0x0000003e02200000,0x0000003e02300000)]
  0x000001ccb22ab800 JavaThread "Signal Dispatcher" daemon [_thread_blocked, id=117616, stack(0x0000003e02300000,0x0000003e02400000)]
  0x000001ccb22ac800 JavaThread "Attach Listener" daemon [_thread_blocked, id=118648, stack(0x0000003e02400000,0x0000003e02500000)]
=>0x000001ccb22ae000 JavaThread "C2 CompilerThread0" daemon [_thread_in_native, id=118224, stack(0x0000003e02500000,0x0000003e02600000)]
  0x000001ccb22b3800 JavaThread "C1 CompilerThread0" daemon [_thread_in_vm, id=118280, stack(0x0000003e02600000,0x0000003e02700000)]
  0x000001ccb225e800 JavaThread "Sweeper thread" daemon [_thread_blocked, id=116016, stack(0x0000003e02700000,0x0000003e02800000)]
  0x000001ccb2418000 JavaThread "Service Thread" daemon [_thread_blocked, id=95964, stack(0x0000003e02800000,0x0000003e02900000)]
  0x000001ccb2422000 JavaThread "Common-Cleaner" daemon [_thread_blocked, id=108156, stack(0x0000003e02a00000,0x0000003e02b00000)]

Other Threads:
  0x000001ccb1a15800 VMThread "VM Thread" [stack: 0x0000003e02000000,0x0000003e02100000] [id=117956]
  0x000001ccb241d000 WatcherThread [stack: 0x0000003e02900000,0x0000003e02a00000] [id=105352]
  0x000001cc92ec3800 GCTaskThread "GC Thread#0" [stack: 0x0000003e01b00000,0x0000003e01c00000] [id=118384]
  0x000001cc92ef7800 ConcurrentGCThread "G1 Main Marker" [stack: 0x0000003e01c00000,0x0000003e01d00000] [id=105968]
  0x000001cc92ef9800 ConcurrentGCThread "G1 Conc#0" [stack: 0x0000003e01d00000,0x0000003e01e00000] [id=118364]
  0x000001ccb1880800 ConcurrentGCThread "G1 Refine#0" [stack: 0x0000003e01e00000,0x0000003e01f00000] [id=117824]
  0x000001ccb1885800 ConcurrentGCThread "G1 Young RemSet Sampling" [stack: 0x0000003e01f00000,0x0000003e02000000] [id=107688]

Threads with active compile tasks:
C2 CompilerThread0 616  s!   4       jdk.internal.loader.URLClassPath::getLoader (194 bytes)

VM state:not at safepoint (normal execution)

VM Mutex/Monitor currently owned by a thread: None

Heap address: 0x0000000082200000, size: 2014 MB, Compressed Oops mode: 32-bit
Narrow klass base: 0x0000000000000000, Narrow klass shift: 3
Compressed class space size: 1073741824 Address: 0x0000000100000000

Heap:
 garbage-first heap   total 129024K, used 10240K [0x0000000082200000, 0x0000000100000000)
  region size 1024K, 12 young (12288K), 0 survivors (0K)
 Metaspace       used 10205K, capacity 10409K, committed 10496K, reserved 1064960K
  class space    used 954K, capacity 1024K, committed 1024K, reserved 1048576K
Heap Regions: E=young(eden), S=young(survivor), O=old, HS=humongous(starts), HC=humongous(continues), CS=collection set, F=free, A=archive, TAMS=top-at-mark-start (previous, next)
|   0|0x0000000082200000, 0x0000000082200000, 0x0000000082300000|  0%| F|  |TAMS 0x0000000082200000, 0x0000000082200000| Untracked 
|   1|0x0000000082300000, 0x0000000082300000, 0x0000000082400000|  0%| F|  |TAMS 0x0000000082300000, 0x0000000082300000| Untracked 
|   2|0x0000000082400000, 0x0000000082400000, 0x0000000082500000|  0%| F|  |TAMS 0x0000000082400000, 0x0000000082400000| Untracked 
|   3|0x0000000082500000, 0x0000000082500000, 0x0000000082600000|  0%| F|  |TAMS 0x0000000082500000, 0x0000000082500000| Untracked 
|   4|0x0000000082600000, 0x0000000082600000, 0x0000000082700000|  0%| F|  |TAMS 0x0000000082600000, 0x0000000082600000| Untracked 
|   5|0x0000000082700000, 0x0000000082700000, 0x0000000082800000|  0%| F|  |TAMS 0x0000000082700000, 0x0000000082700000| Untracked 
|   6|0x0000000082800000, 0x0000000082800000, 0x0000000082900000|  0%| F|  |TAMS 0x0000000082800000, 0x0000000082800000| Untracked 
|   7|0x0000000082900000, 0x0000000082900000, 0x0000000082a00000|  0%| F|  |TAMS 0x0000000082900000, 0x0000000082900000| Untracked 
|   8|0x0000000082a00000, 0x0000000082a00000, 0x0000000082b00000|  0%| F|  |TAMS 0x0000000082a00000, 0x0000000082a00000| Untracked 
|   9|0x0000000082b00000, 0x0000000082b00000, 0x0000000082c00000|  0%| F|  |TAMS 0x0000000082b00000, 0x0000000082b00000| Untracked 
|  10|0x0000000082c00000, 0x0000000082c00000, 0x0000000082d00000|  0%| F|  |TAMS 0x0000000082c00000, 0x0000000082c00000| Untracked 
|  11|0x0000000082d00000, 0x0000000082d00000, 0x0000000082e00000|  0%| F|  |TAMS 0x0000000082d00000, 0x0000000082d00000| Untracked 
|  12|0x0000000082e00000, 0x0000000082e00000, 0x0000000082f00000|  0%| F|  |TAMS 0x0000000082e00000, 0x0000000082e00000| Untracked 
|  13|0x0000000082f00000, 0x0000000082f00000, 0x0000000083000000|  0%| F|  |TAMS 0x0000000082f00000, 0x0000000082f00000| Untracked 
|  14|0x0000000083000000, 0x0000000083000000, 0x0000000083100000|  0%| F|  |TAMS 0x0000000083000000, 0x0000000083000000| Untracked 
|  15|0x0000000083100000, 0x0000000083100000, 0x0000000083200000|  0%| F|  |TAMS 0x0000000083100000, 0x0000000083100000| Untracked 
|  16|0x0000000083200000, 0x0000000083200000, 0x0000000083300000|  0%| F|  |TAMS 0x0000000083200000, 0x0000000083200000| Untracked 
|  17|0x0000000083300000, 0x0000000083300000, 0x0000000083400000|  0%| F|  |TAMS 0x0000000083300000, 0x0000000083300000| Untracked 
|  18|0x0000000083400000, 0x0000000083400000, 0x0000000083500000|  0%| F|  |TAMS 0x0000000083400000, 0x0000000083400000| Untracked 
|  19|0x0000000083500000, 0x0000000083500000, 0x0000000083600000|  0%| F|  |TAMS 0x0000000083500000, 0x0000000083500000| Untracked 
|  20|0x0000000083600000, 0x0000000083600000, 0x0000000083700000|  0%| F|  |TAMS 0x0000000083600000, 0x0000000083600000| Untracked 
|  21|0x0000000083700000, 0x0000000083700000, 0x0000000083800000|  0%| F|  |TAMS 0x0000000083700000, 0x0000000083700000| Untracked 
|  22|0x0000000083800000, 0x0000000083800000, 0x0000000083900000|  0%| F|  |TAMS 0x0000000083800000, 0x0000000083800000| Untracked 
|  23|0x0000000083900000, 0x0000000083900000, 0x0000000083a00000|  0%| F|  |TAMS 0x0000000083900000, 0x0000000083900000| Untracked 
|  24|0x0000000083a00000, 0x0000000083a00000, 0x0000000083b00000|  0%| F|  |TAMS 0x0000000083a00000, 0x0000000083a00000| Untracked 
|  25|0x0000000083b00000, 0x0000000083b00000, 0x0000000083c00000|  0%| F|  |TAMS 0x0000000083b00000, 0x0000000083b00000| Untracked 
|  26|0x0000000083c00000, 0x0000000083c00000, 0x0000000083d00000|  0%| F|  |TAMS 0x0000000083c00000, 0x0000000083c00000| Untracked 
|  27|0x0000000083d00000, 0x0000000083d00000, 0x0000000083e00000|  0%| F|  |TAMS 0x0000000083d00000, 0x0000000083d00000| Untracked 
|  28|0x0000000083e00000, 0x0000000083e00000, 0x0000000083f00000|  0%| F|  |TAMS 0x0000000083e00000, 0x0000000083e00000| Untracked 
|  29|0x0000000083f00000, 0x0000000083f00000, 0x0000000084000000|  0%| F|  |TAMS 0x0000000083f00000, 0x0000000083f00000| Untracked 
|  30|0x0000000084000000, 0x0000000084000000, 0x0000000084100000|  0%| F|  |TAMS 0x0000000084000000, 0x0000000084000000| Untracked 
|  31|0x0000000084100000, 0x0000000084100000, 0x0000000084200000|  0%| F|  |TAMS 0x0000000084100000, 0x0000000084100000| Untracked 
|  32|0x0000000084200000, 0x0000000084200000, 0x0000000084300000|  0%| F|  |TAMS 0x0000000084200000, 0x0000000084200000| Untracked 
|  33|0x0000000084300000, 0x0000000084300000, 0x0000000084400000|  0%| F|  |TAMS 0x0000000084300000, 0x0000000084300000| Untracked 
|  34|0x0000000084400000, 0x0000000084400000, 0x0000000084500000|  0%| F|  |TAMS 0x0000000084400000, 0x0000000084400000| Untracked 
|  35|0x0000000084500000, 0x0000000084500000, 0x0000000084600000|  0%| F|  |TAMS 0x0000000084500000, 0x0000000084500000| Untracked 
|  36|0x0000000084600000, 0x0000000084600000, 0x0000000084700000|  0%| F|  |TAMS 0x0000000084600000, 0x0000000084600000| Untracked 
|  37|0x0000000084700000, 0x0000000084700000, 0x0000000084800000|  0%| F|  |TAMS 0x0000000084700000, 0x0000000084700000| Untracked 
|  38|0x0000000084800000, 0x0000000084800000, 0x0000000084900000|  0%| F|  |TAMS 0x0000000084800000, 0x0000000084800000| Untracked 
|  39|0x0000000084900000, 0x0000000084900000, 0x0000000084a00000|  0%| F|  |TAMS 0x0000000084900000, 0x0000000084900000| Untracked 
|  40|0x0000000084a00000, 0x0000000084a00000, 0x0000000084b00000|  0%| F|  |TAMS 0x0000000084a00000, 0x0000000084a00000| Untracked 
|  41|0x0000000084b00000, 0x0000000084b00000, 0x0000000084c00000|  0%| F|  |TAMS 0x0000000084b00000, 0x0000000084b00000| Untracked 
|  42|0x0000000084c00000, 0x0000000084c00000, 0x0000000084d00000|  0%| F|  |TAMS 0x0000000084c00000, 0x0000000084c00000| Untracked 
|  43|0x0000000084d00000, 0x0000000084d00000, 0x0000000084e00000|  0%| F|  |TAMS 0x0000000084d00000, 0x0000000084d00000| Untracked 
|  44|0x0000000084e00000, 0x0000000084e00000, 0x0000000084f00000|  0%| F|  |TAMS 0x0000000084e00000, 0x0000000084e00000| Untracked 
|  45|0x0000000084f00000, 0x0000000084f00000, 0x0000000085000000|  0%| F|  |TAMS 0x0000000084f00000, 0x0000000084f00000| Untracked 
|  46|0x0000000085000000, 0x0000000085000000, 0x0000000085100000|  0%| F|  |TAMS 0x0000000085000000, 0x0000000085000000| Untracked 
|  47|0x0000000085100000, 0x0000000085100000, 0x0000000085200000|  0%| F|  |TAMS 0x0000000085100000, 0x0000000085100000| Untracked 
|  48|0x0000000085200000, 0x0000000085200000, 0x0000000085300000|  0%| F|  |TAMS 0x0000000085200000, 0x0000000085200000| Untracked 
|  49|0x0000000085300000, 0x0000000085300000, 0x0000000085400000|  0%| F|  |TAMS 0x0000000085300000, 0x0000000085300000| Untracked 
|  50|0x0000000085400000, 0x0000000085400000, 0x0000000085500000|  0%| F|  |TAMS 0x0000000085400000, 0x0000000085400000| Untracked 
|  51|0x0000000085500000, 0x0000000085500000, 0x0000000085600000|  0%| F|  |TAMS 0x0000000085500000, 0x0000000085500000| Untracked 
|  52|0x0000000085600000, 0x0000000085600000, 0x0000000085700000|  0%| F|  |TAMS 0x0000000085600000, 0x0000000085600000| Untracked 
|  53|0x0000000085700000, 0x0000000085700000, 0x0000000085800000|  0%| F|  |TAMS 0x0000000085700000, 0x0000000085700000| Untracked 
|  54|0x0000000085800000, 0x0000000085800000, 0x0000000085900000|  0%| F|  |TAMS 0x0000000085800000, 0x0000000085800000| Untracked 
|  55|0x0000000085900000, 0x0000000085900000, 0x0000000085a00000|  0%| F|  |TAMS 0x0000000085900000, 0x0000000085900000| Untracked 
|  56|0x0000000085a00000, 0x0000000085a00000, 0x0000000085b00000|  0%| F|  |TAMS 0x0000000085a00000, 0x0000000085a00000| Untracked 
|  57|0x0000000085b00000, 0x0000000085b00000, 0x0000000085c00000|  0%| F|  |TAMS 0x0000000085b00000, 0x0000000085b00000| Untracked 
|  58|0x0000000085c00000, 0x0000000085c00000, 0x0000000085d00000|  0%| F|  |TAMS 0x0000000085c00000, 0x0000000085c00000| Untracked 
|  59|0x0000000085d00000, 0x0000000085d00000, 0x0000000085e00000|  0%| F|  |TAMS 0x0000000085d00000, 0x0000000085d00000| Untracked 
|  60|0x0000000085e00000, 0x0000000085e00000, 0x0000000085f00000|  0%| F|  |TAMS 0x0000000085e00000, 0x0000000085e00000| Untracked 
|  61|0x0000000085f00000, 0x0000000085f00000, 0x0000000086000000|  0%| F|  |TAMS 0x0000000085f00000, 0x0000000085f00000| Untracked 
|  62|0x0000000086000000, 0x0000000086000000, 0x0000000086100000|  0%| F|  |TAMS 0x0000000086000000, 0x0000000086000000| Untracked 
|  63|0x0000000086100000, 0x0000000086100000, 0x0000000086200000|  0%| F|  |TAMS 0x0000000086100000, 0x0000000086100000| Untracked 
|  64|0x0000000086200000, 0x0000000086200000, 0x0000000086300000|  0%| F|  |TAMS 0x0000000086200000, 0x0000000086200000| Untracked 
|  65|0x0000000086300000, 0x0000000086300000, 0x0000000086400000|  0%| F|  |TAMS 0x0000000086300000, 0x0000000086300000| Untracked 
|  66|0x0000000086400000, 0x0000000086400000, 0x0000000086500000|  0%| F|  |TAMS 0x0000000086400000, 0x0000000086400000| Untracked 
|  67|0x0000000086500000, 0x0000000086500000, 0x0000000086600000|  0%| F|  |TAMS 0x0000000086500000, 0x0000000086500000| Untracked 
|  68|0x0000000086600000, 0x0000000086600000, 0x0000000086700000|  0%| F|  |TAMS 0x0000000086600000, 0x0000000086600000| Untracked 
|  69|0x0000000086700000, 0x0000000086700000, 0x0000000086800000|  0%| F|  |TAMS 0x0000000086700000, 0x0000000086700000| Untracked 
|  70|0x0000000086800000, 0x0000000086800000, 0x0000000086900000|  0%| F|  |TAMS 0x0000000086800000, 0x0000000086800000| Untracked 
|  71|0x0000000086900000, 0x0000000086900000, 0x0000000086a00000|  0%| F|  |TAMS 0x0000000086900000, 0x0000000086900000| Untracked 
|  72|0x0000000086a00000, 0x0000000086a00000, 0x0000000086b00000|  0%| F|  |TAMS 0x0000000086a00000, 0x0000000086a00000| Untracked 
|  73|0x0000000086b00000, 0x0000000086b00000, 0x0000000086c00000|  0%| F|  |TAMS 0x0000000086b00000, 0x0000000086b00000| Untracked 
|  74|0x0000000086c00000, 0x0000000086c00000, 0x0000000086d00000|  0%| F|  |TAMS 0x0000000086c00000, 0x0000000086c00000| Untracked 
|  75|0x0000000086d00000, 0x0000000086d00000, 0x0000000086e00000|  0%| F|  |TAMS 0x0000000086d00000, 0x0000000086d00000| Untracked 
|  76|0x0000000086e00000, 0x0000000086e00000, 0x0000000086f00000|  0%| F|  |TAMS 0x0000000086e00000, 0x0000000086e00000| Untracked 
|  77|0x0000000086f00000, 0x0000000086f00000, 0x0000000087000000|  0%| F|  |TAMS 0x0000000086f00000, 0x0000000086f00000| Untracked 
|  78|0x0000000087000000, 0x0000000087000000, 0x0000000087100000|  0%| F|  |TAMS 0x0000000087000000, 0x0000000087000000| Untracked 
|  79|0x0000000087100000, 0x0000000087100000, 0x0000000087200000|  0%| F|  |TAMS 0x0000000087100000, 0x0000000087100000| Untracked 
|  80|0x0000000087200000, 0x0000000087200000, 0x0000000087300000|  0%| F|  |TAMS 0x0000000087200000, 0x0000000087200000| Untracked 
|  81|0x0000000087300000, 0x0000000087300000, 0x0000000087400000|  0%| F|  |TAMS 0x0000000087300000, 0x0000000087300000| Untracked 
|  82|0x0000000087400000, 0x0000000087400000, 0x0000000087500000|  0%| F|  |TAMS 0x0000000087400000, 0x0000000087400000| Untracked 
|  83|0x0000000087500000, 0x0000000087500000, 0x0000000087600000|  0%| F|  |TAMS 0x0000000087500000, 0x0000000087500000| Untracked 
|  84|0x0000000087600000, 0x0000000087600000, 0x0000000087700000|  0%| F|  |TAMS 0x0000000087600000, 0x0000000087600000| Untracked 
|  85|0x0000000087700000, 0x0000000087700000, 0x0000000087800000|  0%| F|  |TAMS 0x0000000087700000, 0x0000000087700000| Untracked 
|  86|0x0000000087800000, 0x0000000087800000, 0x0000000087900000|  0%| F|  |TAMS 0x0000000087800000, 0x0000000087800000| Untracked 
|  87|0x0000000087900000, 0x0000000087900000, 0x0000000087a00000|  0%| F|  |TAMS 0x0000000087900000, 0x0000000087900000| Untracked 
|  88|0x0000000087a00000, 0x0000000087a00000, 0x0000000087b00000|  0%| F|  |TAMS 0x0000000087a00000, 0x0000000087a00000| Untracked 
|  89|0x0000000087b00000, 0x0000000087b00000, 0x0000000087c00000|  0%| F|  |TAMS 0x0000000087b00000, 0x0000000087b00000| Untracked 
|  90|0x0000000087c00000, 0x0000000087c00000, 0x0000000087d00000|  0%| F|  |TAMS 0x0000000087c00000, 0x0000000087c00000| Untracked 
|  91|0x0000000087d00000, 0x0000000087d00000, 0x0000000087e00000|  0%| F|  |TAMS 0x0000000087d00000, 0x0000000087d00000| Untracked 
|  92|0x0000000087e00000, 0x0000000087e00000, 0x0000000087f00000|  0%| F|  |TAMS 0x0000000087e00000, 0x0000000087e00000| Untracked 
|  93|0x0000000087f00000, 0x0000000087f00000, 0x0000000088000000|  0%| F|  |TAMS 0x0000000087f00000, 0x0000000087f00000| Untracked 
|  94|0x0000000088000000, 0x0000000088000000, 0x0000000088100000|  0%| F|  |TAMS 0x0000000088000000, 0x0000000088000000| Untracked 
|  95|0x0000000088100000, 0x0000000088100000, 0x0000000088200000|  0%| F|  |TAMS 0x0000000088100000, 0x0000000088100000| Untracked 
|  96|0x0000000088200000, 0x0000000088200000, 0x0000000088300000|  0%| F|  |TAMS 0x0000000088200000, 0x0000000088200000| Untracked 
|  97|0x0000000088300000, 0x0000000088300000, 0x0000000088400000|  0%| F|  |TAMS 0x0000000088300000, 0x0000000088300000| Untracked 
|  98|0x0000000088400000, 0x0000000088400000, 0x0000000088500000|  0%| F|  |TAMS 0x0000000088400000, 0x0000000088400000| Untracked 
|  99|0x0000000088500000, 0x0000000088500000, 0x0000000088600000|  0%| F|  |TAMS 0x0000000088500000, 0x0000000088500000| Untracked 
| 100|0x0000000088600000, 0x0000000088600000, 0x0000000088700000|  0%| F|  |TAMS 0x0000000088600000, 0x0000000088600000| Untracked 
| 101|0x0000000088700000, 0x0000000088700000, 0x0000000088800000|  0%| F|  |TAMS 0x0000000088700000, 0x0000000088700000| Untracked 
| 102|0x0000000088800000, 0x0000000088800000, 0x0000000088900000|  0%| F|  |TAMS 0x0000000088800000, 0x0000000088800000| Untracked 
| 103|0x0000000088900000, 0x0000000088900000, 0x0000000088a00000|  0%| F|  |TAMS 0x0000000088900000, 0x0000000088900000| Untracked 
| 104|0x0000000088a00000, 0x0000000088a00000, 0x0000000088b00000|  0%| F|  |TAMS 0x0000000088a00000, 0x0000000088a00000| Untracked 
| 105|0x0000000088b00000, 0x0000000088b00000, 0x0000000088c00000|  0%| F|  |TAMS 0x0000000088b00000, 0x0000000088b00000| Untracked 
| 106|0x0000000088c00000, 0x0000000088c00000, 0x0000000088d00000|  0%| F|  |TAMS 0x0000000088c00000, 0x0000000088c00000| Untracked 
| 107|0x0000000088d00000, 0x0000000088d00000, 0x0000000088e00000|  0%| F|  |TAMS 0x0000000088d00000, 0x0000000088d00000| Untracked 
| 108|0x0000000088e00000, 0x0000000088e00000, 0x0000000088f00000|  0%| F|  |TAMS 0x0000000088e00000, 0x0000000088e00000| Untracked 
| 109|0x0000000088f00000, 0x0000000088f00000, 0x0000000089000000|  0%| F|  |TAMS 0x0000000088f00000, 0x0000000088f00000| Untracked 
| 110|0x0000000089000000, 0x0000000089000000, 0x0000000089100000|  0%| F|  |TAMS 0x0000000089000000, 0x0000000089000000| Untracked 
| 111|0x0000000089100000, 0x0000000089100000, 0x0000000089200000|  0%| F|  |TAMS 0x0000000089100000, 0x0000000089100000| Untracked 
| 112|0x0000000089200000, 0x0000000089200000, 0x0000000089300000|  0%| F|  |TAMS 0x0000000089200000, 0x0000000089200000| Untracked 
| 113|0x0000000089300000, 0x0000000089300000, 0x0000000089400000|  0%| F|  |TAMS 0x0000000089300000, 0x0000000089300000| Untracked 
| 114|0x0000000089400000, 0x000000008947b6c0, 0x0000000089500000| 48%| E|  |TAMS 0x0000000089400000, 0x0000000089400000| Complete 
| 115|0x0000000089500000, 0x0000000089600000, 0x0000000089600000|100%| E|CS|TAMS 0x0000000089500000, 0x0000000089500000| Complete 
| 116|0x0000000089600000, 0x0000000089700000, 0x0000000089700000|100%| E|CS|TAMS 0x0000000089600000, 0x0000000089600000| Complete 
| 117|0x0000000089700000, 0x0000000089800000, 0x0000000089800000|100%| E|CS|TAMS 0x0000000089700000, 0x0000000089700000| Complete 
| 118|0x0000000089800000, 0x0000000089900000, 0x0000000089900000|100%| E|CS|TAMS 0x0000000089800000, 0x0000000089800000| Complete 
| 119|0x0000000089900000, 0x0000000089a00000, 0x0000000089a00000|100%| E|CS|TAMS 0x0000000089900000, 0x0000000089900000| Complete 
| 120|0x0000000089a00000, 0x0000000089b00000, 0x0000000089b00000|100%| E|CS|TAMS 0x0000000089a00000, 0x0000000089a00000| Complete 
| 121|0x0000000089b00000, 0x0000000089c00000, 0x0000000089c00000|100%| E|CS|TAMS 0x0000000089b00000, 0x0000000089b00000| Complete 
| 122|0x0000000089c00000, 0x0000000089d00000, 0x0000000089d00000|100%| E|CS|TAMS 0x0000000089c00000, 0x0000000089c00000| Complete 
| 123|0x0000000089d00000, 0x0000000089e00000, 0x0000000089e00000|100%| E|  |TAMS 0x0000000089d00000, 0x0000000089d00000| Complete 
| 124|0x0000000089e00000, 0x0000000089f00000, 0x0000000089f00000|100%| E|CS|TAMS 0x0000000089e00000, 0x0000000089e00000| Complete 
| 125|0x0000000089f00000, 0x000000008a000000, 0x000000008a000000|100%| E|CS|TAMS 0x0000000089f00000, 0x0000000089f00000| Complete 

Card table byte_map: [0x000001ccaa8c0000,0x000001ccaacb0000] _byte_map_base: 0x000001ccaa4af000

Marking Bits (Prev, Next): (CMBitMap*) 0x000001cc92eeed38, (CMBitMap*) 0x000001cc92eeed70
 Prev Bits: [0x000001ccab0a0000, 0x000001ccad018000)
 Next Bits: [0x000001ccad020000, 0x000001ccaef98000)

Polling page: 0x000001cc92640000

Metaspace:

Usage:
  Non-class:      9.17 MB capacity,     9.05 MB ( 99%) used,   111.76 KB (  1%) free+waste,     9.81 KB ( <1%) overhead. 
      Class:      1.00 MB capacity,   957.88 KB ( 94%) used,    61.75 KB (  6%) free+waste,     4.38 KB ( <1%) overhead. 
       Both:     10.17 MB capacity,     9.98 MB ( 98%) used,   173.51 KB (  2%) free+waste,    14.19 KB ( <1%) overhead. 

Virtual space:
  Non-class space:       16.00 MB reserved,       9.25 MB ( 58%) committed 
      Class space:        1.00 GB reserved,       1.00 MB ( <1%) committed 
             Both:        1.02 GB reserved,      10.25 MB ( <1%) committed 

Chunk freelists:
   Non-Class:  2.88 KB
       Class:  0 bytes
        Both:  2.88 KB

CodeHeap 'non-profiled nmethods': size=120000Kb used=202Kb max_used=202Kb free=119797Kb
 bounds [0x000001cca2c70000, 0x000001cca2ee0000, 0x000001ccaa1a0000]
CodeHeap 'profiled nmethods': size=120000Kb used=1424Kb max_used=1424Kb free=118575Kb
 bounds [0x000001cc9b740000, 0x000001cc9b9b0000, 0x000001cca2c70000]
CodeHeap 'non-nmethods': size=5760Kb used=1076Kb max_used=1083Kb free=4683Kb
 bounds [0x000001cc9b1a0000, 0x000001cc9b410000, 0x000001cc9b740000]
 total_blobs=1258 nmethods=729 adapters=286
 compilation: enabled
              stopped_count=0, restarted_count=0
 full_count=0

Compilation events (10 events):
Event: 1.001 Thread 0x000001ccb22b3800  628   !   3       java.util.zip.ZipFile$ZipFileInflaterInputStream::close (67 bytes)
Event: 1.001 Thread 0x000001ccb22b3800 nmethod 628 0x000001cc9b870010 code [0x000001cc9b870220, 0x000001cc9b870920]
Event: 1.001 Thread 0x000001ccb22b3800  629       3       java.util.ArrayDeque::add (7 bytes)
Event: 1.001 Thread 0x000001ccb22b3800 nmethod 629 0x000001cc9b870c10 code [0x000001cc9b870dc0, 0x000001cc9b870f70]
Event: 1.002 Thread 0x000001ccb22b3800  630       3       jdk.internal.ref.PhantomCleanable::clean (16 bytes)
Event: 1.002 Thread 0x000001ccb22b3800 nmethod 630 0x000001cc9b871010 code [0x000001cc9b8711e0, 0x000001cc9b871500]
Event: 1.002 Thread 0x000001ccb22b3800  631       3       jdk.internal.ref.CleanerImpl$PhantomCleanableRef::performCleanup (10 bytes)
Event: 1.002 Thread 0x000001ccb22b3800 nmethod 631 0x000001cc9b871610 code [0x000001cc9b8717e0, 0x000001cc9b871a10]
Event: 1.010 Thread 0x000001ccb22b3800  632       3       jdk.internal.perf.PerfCounter::addElapsedTimeFrom (10 bytes)
Event: 1.011 Thread 0x000001ccb22b3800 nmethod 632 0x000001cc9b871b10 code [0x000001cc9b871d00, 0x000001cc9b872480]

GC Heap History (0 events):
No events

Deoptimization events (6 events):
Event: 0.208 Thread 0x000001cc92eb1000 Uncommon trap: reason=unstable_if action=reinterpret pc=0x000001cca2c75274 method=java.lang.String.hashCode()I @ 14 c2
Event: 0.356 Thread 0x000001cc92eb1000 Uncommon trap: reason=unstable_if action=reinterpret pc=0x000001cca2c77868 method=java.net.URI.match(CJJ)Z @ 19 c2
Event: 0.591 Thread 0x000001cc92eb1000 Uncommon trap: reason=unstable_if action=reinterpret pc=0x000001cca2c7b900 method=java.io.WinNTFileSystem.isSlash(C)Z @ 9 c2
Event: 0.950 Thread 0x000001cc92eb1000 Uncommon trap: reason=unstable_if action=reinterpret pc=0x000001cca2c7b3b0 method=java.lang.StringLatin1.canEncode(I)Z @ 4 c2
Event: 0.950 Thread 0x000001cc92eb1000 Uncommon trap: reason=unstable_if action=reinterpret pc=0x000001cca2c92c08 method=java.lang.AbstractStringBuilder.isLatin1()Z @ 10 c2
Event: 0.950 Thread 0x000001cc92eb1000 Uncommon trap: reason=unstable_if action=reinterpret pc=0x000001cca2c925f8 method=java.lang.AbstractStringBuilder.isLatin1()Z @ 10 c2

Classes redefined (0 events):
No events

Internal exceptions (10 events):
Event: 0.673 Thread 0x000001cc92eb1000 Exception <a 'java/lang/NullPointerException'{0x0000000089b65870}> (0x0000000089b65870) thrown at [t:/workspace/open/src/hotspot/share/interpreter/linkResolver.cpp, line 1354]
Event: 0.673 Thread 0x000001cc92eb1000 Exception <a 'java/lang/NullPointerException'{0x0000000089b65b78}> (0x0000000089b65b78) thrown at [t:/workspace/open/src/hotspot/share/interpreter/linkResolver.cpp, line 1354]
Event: 0.673 Thread 0x000001cc92eb1000 Exception <a 'java/lang/NullPointerException'{0x0000000089b65e80}> (0x0000000089b65e80) thrown at [t:/workspace/open/src/hotspot/share/interpreter/linkResolver.cpp, line 1354]
Event: 0.675 Thread 0x000001cc92eb1000 Exception <a 'java/lang/NullPointerException'{0x0000000089b6eaa8}> (0x0000000089b6eaa8) thrown at [t:/workspace/open/src/hotspot/share/interpreter/linkResolver.cpp, line 1354]
Event: 0.679 Thread 0x000001cc92eb1000 Exception <a 'java/lang/NullPointerException'{0x0000000089b88150}> (0x0000000089b88150) thrown at [t:/workspace/open/src/hotspot/share/interpreter/linkResolver.cpp, line 1354]
Event: 0.679 Thread 0x000001cc92eb1000 Exception <a 'java/lang/NullPointerException'{0x0000000089b88420}> (0x0000000089b88420) thrown at [t:/workspace/open/src/hotspot/share/interpreter/linkResolver.cpp, line 1354]
Event: 0.679 Thread 0x000001cc92eb1000 Exception <a 'java/lang/NullPointerException'{0x0000000089b886f0}> (0x0000000089b886f0) thrown at [t:/workspace/open/src/hotspot/share/interpreter/linkResolver.cpp, line 1354]
Event: 0.680 Thread 0x000001cc92eb1000 Exception <a 'java/lang/NullPointerException'{0x0000000089b889f8}> (0x0000000089b889f8) thrown at [t:/workspace/open/src/hotspot/share/interpreter/linkResolver.cpp, line 1354]
Event: 0.797 Thread 0x000001cc92eb1000 Exception <a 'java/lang/NullPointerException'{0x000000008991b3f8}> (0x000000008991b3f8) thrown at [t:/workspace/open/src/hotspot/share/interpreter/linkResolver.cpp, line 1354]
Event: 0.797 Thread 0x000001cc92eb1000 Exception <a 'java/lang/NullPointerException'{0x00000000899239b0}> (0x00000000899239b0) thrown at [t:/workspace/open/src/hotspot/share/interpreter/linkResolver.cpp, line 1354]

Events (10 events):
Event: 1.008 loading class org/eclipse/sisu/plexus/PlexusAnnotatedBeanModule$PlexusAnnotatedBeanSource
Event: 1.008 loading class org/eclipse/sisu/plexus/PlexusAnnotatedBeanModule$PlexusAnnotatedBeanSource done
Event: 1.009 loading class org/eclipse/sisu/plexus/PlexusBeanMetadata
Event: 1.009 loading class org/eclipse/sisu/plexus/PlexusBeanMetadata done
Event: 1.009 loading class org/eclipse/sisu/plexus/PlexusAnnotatedMetadata
Event: 1.009 loading class org/eclipse/sisu/plexus/PlexusAnnotatedMetadata done
Event: 1.011 loading class org/codehaus/plexus/component/annotations/Configuration
Event: 1.011 loading class org/codehaus/plexus/component/annotations/Configuration done
Event: 1.013 loading class org/codehaus/plexus/util/InterpolationFilterReader
Event: 1.013 loading class org/codehaus/plexus/util/InterpolationFilterReader done


Dynamic libraries:
0x00007ff621b40000 - 0x00007ff621b87000 	C:\Program Files\Java\jdk-11.0.3\bin\javaw.exe
0x00007ffb971d0000 - 0x00007ffb973c5000 	C:\WINDOWS\SYSTEM32\ntdll.dll
0x00007ffb95220000 - 0x00007ffb952de000 	C:\WINDOWS\System32\q_itzhzw.dll
0x00007ffb94b80000 - 0x00007ffb94e48000 	C:\WINDOWS\System32\r_iwovagaj.dll
0x00007ffb971d0000 - 0x00007ffb973c5000 	C:\WINDOWS\SYSTEM32\ntdll.dll
0x00007ffb95220000 - 0x00007ffb952de000 	C:\WINDOWS\System32\q_itzhzw.dll
0x00007ffb94b80000 - 0x00007ffb94e48000 	C:\WINDOWS\System32\r_iwovagaj.dll
0x00007ffb954c0000 - 0x00007ffb9556c000 	C:\WINDOWS\System32\ADVAPI32.dll
0x00007ffb96df0000 - 0x00007ffb96e8e000 	C:\WINDOWS\System32\msvcrt.dll
0x00007ffb970f0000 - 0x00007ffb9718b000 	C:\WINDOWS\System32\sechost.dll
0x00007ffb96790000 - 0x00007ffb968ba000 	C:\WINDOWS\System32\RPCRT4.dll
0x00007ffb96e90000 - 0x00007ffb97031000 	C:\WINDOWS\System32\USER32.dll
0x00007ffb949f0000 - 0x00007ffb94a12000 	C:\WINDOWS\System32\win32u.dll
0x00007ffb963f0000 - 0x00007ffb9641b000 	C:\WINDOWS\System32\GDI32.dll
0x00007ffb94a20000 - 0x00007ffb94b2b000 	C:\WINDOWS\System32\gdi32full.dll
0x00007ffb94f90000 - 0x00007ffb9502d000 	C:\WINDOWS\System32\msvcp_win.dll
0x00007ffb948f0000 - 0x00007ffb949f0000 	C:\WINDOWS\System32\ucrtbase.dll
0x00007ffb7c9f0000 - 0x00007ffb7cc8a000 	C:\WINDOWS\WinSxS\amd64_microsoft.windows.common-controls_6595b64144ccf1df_6.0.19041.1110_none_60b5254171f9507e\COMCTL32.dll
0x00007ffb868d0000 - 0x00007ffb868da000 	C:\WINDOWS\SYSTEM32\VERSION.dll
0x00007ffb95580000 - 0x00007ffb955b0000 	C:\WINDOWS\System32\IMM32.DLL
0x00007ffb6fc00000 - 0x00007ffb6fd35000 	C:\Program Files\Cisco\AMP\exprev\Protector64.dll
0x00007ffb95cb0000 - 0x00007ffb963ef000 	C:\WINDOWS\System32\SHELL32.dll
0x00007ffb966c0000 - 0x00007ffb9678d000 	C:\WINDOWS\System32\OLEAUT32.dll
0x00007ffb96920000 - 0x00007ffb96c75000 	C:\WINDOWS\System32\combase.dll
0x00007ffb95460000 - 0x00007ffb954b5000 	C:\WINDOWS\System32\SHLWAPI.dll
0x00007ffb93480000 - 0x00007ffb934b3000 	C:\WINDOWS\SYSTEM32\ntmarta.dll
0x00007ffb93ff0000 - 0x00007ffb940f2000 	C:\Program Files\Avecto\Privilege Guard Client\PGHook.dll
0x00007ffb85cb0000 - 0x00007ffb85cc6000 	C:\Program Files\Java\jdk-11.0.3\bin\vcruntime140.dll
0x00007ffb6a280000 - 0x00007ffb6a32a000 	C:\Program Files\Java\jdk-11.0.3\bin\msvcp140.dll
0x00007ffb12840000 - 0x00007ffb13367000 	C:\Program Files\Java\jdk-11.0.3\bin\server\jvm.dll
0x00007ffb95570000 - 0x00007ffb95578000 	C:\WINDOWS\System32\PSAPI.DLL
0x00007ffb7ad50000 - 0x00007ffb7ad59000 	C:\WINDOWS\SYSTEM32\WSOCK32.dll
0x00007ffb964a0000 - 0x00007ffb9650b000 	C:\WINDOWS\System32\WS2_32.dll
0x00007ffb80e80000 - 0x00007ffb80ea7000 	C:\WINDOWS\SYSTEM32\WINMM.dll
0x00007ffb92fd0000 - 0x00007ffb92fe2000 	C:\WINDOWS\SYSTEM32\kernel.appcore.dll
0x00007ffb875e0000 - 0x00007ffb875f1000 	C:\Program Files\Java\jdk-11.0.3\bin\verify.dll
0x00007ffb8f4d0000 - 0x00007ffb8f6b4000 	C:\WINDOWS\SYSTEM32\DBGHELP.DLL
0x00007ffb873a0000 - 0x00007ffb873cc000 	C:\WINDOWS\SYSTEM32\dbgcore.DLL
0x000001cc925b0000 - 0x000001cc92633000 	C:\WINDOWS\System32\bcryptPrimitives.dll
0x00007ffb875a0000 - 0x00007ffb875c9000 	C:\Program Files\Java\jdk-11.0.3\bin\java.dll
0x00007ffb87500000 - 0x00007ffb87516000 	C:\Program Files\Java\jdk-11.0.3\bin\zip.dll
0x00007ffb87110000 - 0x00007ffb8711a000 	C:\Program Files\Java\jdk-11.0.3\bin\jimage.dll
0x00007ffb8f6c0000 - 0x00007ffb8fe50000 	C:\WINDOWS\SYSTEM32\windows.storage.dll
0x00007ffb94340000 - 0x00007ffb9436e000 	C:\WINDOWS\SYSTEM32\Wldp.dll
0x00007ffb96d40000 - 0x00007ffb96ded000 	C:\WINDOWS\System32\SHCORE.dll
0x00007ffb94830000 - 0x00007ffb9484f000 	C:\WINDOWS\SYSTEM32\profapi.dll
0x00007ffb86060000 - 0x00007ffb86079000 	C:\Program Files\Java\jdk-11.0.3\bin\net.dll
0x00007ffb937c0000 - 0x00007ffb938cc000 	C:\WINDOWS\SYSTEM32\WINHTTP.dll
0x00007ffb7aef0000 - 0x00007ffb7b0db000 	C:\WINDOWS\SYSTEM32\urlmon.dll
0x00007ffb7d660000 - 0x00007ffb7d910000 	C:\WINDOWS\SYSTEM32\iertutil.dll
0x00007ffb85c20000 - 0x00007ffb85c48000 	C:\WINDOWS\SYSTEM32\srvcli.dll
0x00007ffb93d20000 - 0x00007ffb93d2c000 	C:\WINDOWS\SYSTEM32\netutils.dll
0x00007ffb93f20000 - 0x00007ffb93f8a000 	C:\WINDOWS\system32\mswsock.dll
0x00007ffb85cf0000 - 0x00007ffb85d03000 	C:\Program Files\Java\jdk-11.0.3\bin\nio.dll
0x0000000069ac0000 - 0x0000000069ae4000 	C:\Users\Vnameit\AppData\Local\Temp\jansi-2.4.0-d9e25f9a2155eb4c-jansi.dll

dbghelp: loaded successfully - version: 4.0.5 - missing functions: none
symbol engine: initialized successfully - sym options: 0x614 - pdb path: .;C:\Program Files\Java\jdk-11.0.3\bin;C:\WINDOWS\SYSTEM32;C:\WINDOWS\WinSxS\amd64_microsoft.windows.common-controls_6595b64144ccf1df_6.0.19041.1110_none_60b5254171f9507e;C:\Program Files\Cisco\AMP\exprev;C:\Program Files\Avecto\Privilege Guard Client;C:\Program Files\Java\jdk-11.0.3\bin\server;C:\Users\Vnameit\AppData\Local\Temp

VM Arguments:
jvm_args: -Dmaven.home=EMBEDDED -Dclassworlds.conf=D:\eclipse-workspace\.metadata\.plugins\org.eclipse.m2e.launching\launches\m2conf2234909679004397314.tmp -Dmaven.multiModuleProjectDirectory=D:\eclipse-workspace\demo -Dfile.encoding=UTF-8 
java_command: org.codehaus.plexus.classworlds.launcher.Launcher -Ppom.xml -B clean
java_class_path (initial): C:\Users\Vnameit\.p2\pool\plugins\org.eclipse.m2e.maven.runtime_1.18.3.20220227-1319\jars\plexus-classworlds-2.6.0.jar
Launcher Type: SUN_STANDARD

[Global flags]
     intx CICompilerCount                          = 4                                         {product} {ergonomic}
     uint ConcGCThreads                            = 2                                         {product} {ergonomic}
     uint G1ConcRefinementThreads                  = 8                                         {product} {ergonomic}
   size_t G1HeapRegionSize                         = 1048576                                   {product} {ergonomic}
    uintx GCDrainStackTargetSize                   = 64                                        {product} {ergonomic}
   size_t InitialHeapSize                          = 132120576                                 {product} {ergonomic}
   size_t MarkStackSize                            = 4194304                                   {product} {ergonomic}
   size_t MaxHeapSize                              = 2111832064                                {product} {ergonomic}
   size_t MaxNewSize                               = 1266679808                                {product} {ergonomic}
   size_t MinHeapDeltaBytes                        = 1048576                                   {product} {ergonomic}
    uintx NonNMethodCodeHeapSize                   = 5835340                                {pd product} {ergonomic}
    uintx NonProfiledCodeHeapSize                  = 122911450                              {pd product} {ergonomic}
    uintx ProfiledCodeHeapSize                     = 122911450                              {pd product} {ergonomic}
    uintx ReservedCodeCacheSize                    = 251658240                              {pd product} {ergonomic}
     bool SegmentedCodeCache                       = true                                      {product} {ergonomic}
     bool UseCompressedClassPointers               = true                                 {lp64_product} {ergonomic}
     bool UseCompressedOops                        = true                                 {lp64_product} {ergonomic}
     bool UseG1GC                                  = true                                      {product} {ergonomic}
     bool UseLargePagesIndividualAllocation        = false                                  {pd product} {ergonomic}

Logging:
Log output configuration:
 #0: stdout all=warning uptime,level,tags
 #1: stderr all=off uptime,level,tags

Environment Variables:
JAVA_HOME=C:\Program Files\Java\jdk1.8.0_192
PATH=C:/Program Files/Java/jdk-11.0.3/bin/server;C:/Program Files/Java/jdk-11.0.3/bin;C:/Users/Vnameit/AppData/Local/Temp/eoi342D.tmp//plugins/org.eclipse.justj.openjdk.hotspot.jre.minimal.stripped.win32.x86_64_17.0.3.v20220515-1416/jre/bin/server;C:/Users/Vnameit/AppData/Local/Temp/eoi342D.tmp//plugins/org.eclipse.justj.openjdk.hotspot.jre.minimal.stripped.win32.x86_64_17.0.3.v20220515-1416/jre/bin;C:\Program Files (x86)\Common Files\Oracle\Java\javapath;C:\WINDOWS\system32;C:\WINDOWS;C:\WINDOWS\System32\Wbem;C:\WINDOWS\System32\WindowsPowerShell\v1.0\;C:\Program Files (x86)\MySQL\MySQL Fabric 1.5.4 & MySQL Utilities 1.5.4 1.5\;C:\Program Files (x86)\MySQL\MySQL Fabric 1.5.4 & MySQL Utilities 1.5.4 1.5\Doctrine extensions for PHP\;C:\WINDOWS\System32\OpenSSH\;C:\Users\Vnameit\AppData\Local\Microsoft\WindowsApps;C:\New folder (2);;C:\New folder (2);
USERNAME=Vnameit
OS=Windows_NT
PROCESSOR_IDENTIFIER=Intel64 Family 6 Model 142 Stepping 10, GenuineIntel



---------------  S Y S T E M  ---------------

OS: Windows 10 , 64 bit Build 19041 (10.0.19041.1348)

CPU:total 8 (initial active 8) (4 cores per cpu, 2 threads per core) family 6 model 142 stepping 10, cmov, cx8, fxsr, mmx, sse, sse2, sse3, ssse3, sse4.1, sse4.2, popcnt, avx, avx2, aes, clmul, erms, 3dnowpref, lzcnt, ht, tsc, tscinvbit, bmi1, bmi2, adx, fma

Memory: 4k page, system-wide physical 8050M (237M free)
TotalPageFile size 24434M (AvailPageFile size 0M)
current process WorkingSet (physical memory assigned to process): 72M, peak: 72M
current process commit charge ("private bytes"): 225M, peak: 225M

vm_info: Java HotSpot(TM) 64-Bit Server VM (11.0.3+12-LTS) for windows-amd64 JRE (11.0.3+12-LTS), built on Apr  2 2019 12:43:09 by "mach5one" with MS VC++ 15.5 (VS2017)

END.
